Determining if the pthread_create exist failed with the following output:
Change Dir: /home/travis/build/Alkud/OTUS_HOMEWORK_13/CMakeFiles/CMakeTmp

Run Build Command:"/usr/bin/make" "cmTC_c0467/fast"
/usr/bin/make -f CMakeFiles/cmTC_c0467.dir/build.make CMakeFiles/cmTC_c0467.dir/build
make[1]: Entering directory `/home/travis/build/Alkud/OTUS_HOMEWORK_13/CMakeFiles/CMakeTmp'
Building C object CMakeFiles/cmTC_c0467.dir/CheckSymbolExists.c.o
/usr/bin/gcc    -o CMakeFiles/cmTC_c0467.dir/CheckSymbolExists.c.o   -c /home/travis/build/Alkud/OTUS_HOMEWORK_13/CMakeFiles/CMakeTmp/CheckSymbolExists.c
Linking C executable cmTC_c0467
/usr/local/cmake-3.9.2/bin/cmake -E cmake_link_script CMakeFiles/cmTC_c0467.dir/link.txt --verbose=1
/usr/bin/gcc      -rdynamic CMakeFiles/cmTC_c0467.dir/CheckSymbolExists.c.o  -o cmTC_c0467 
CMakeFiles/cmTC_c0467.dir/CheckSymbolExists.c.o: In function `main':
CheckSymbolExists.c:(.text+0x16): undefined reference to `pthread_create'
collect2: error: ld returned 1 exit status
make[1]: *** [cmTC_c0467] Error 1
make[1]: Leaving directory `/home/travis/build/Alkud/OTUS_HOMEWORK_13/CMakeFiles/CMakeTmp'
make: *** [cmTC_c0467/fast] Error 2

File /home/travis/build/Alkud/OTUS_HOMEWORK_13/CMakeFiles/CMakeTmp/CheckSymbolExists.c:
/* */
#include <pthread.h>

int main(int argc, char** argv)
{
  (void)argv;
#ifndef pthread_create
  return ((int*)(&pthread_create))[argc];
#else
  (void)argc;
  return 0;
#endif
}

Determining if the function pthread_create exists in the pthreads failed with the following output:
Change Dir: /home/travis/build/Alkud/OTUS_HOMEWORK_13/CMakeFiles/CMakeTmp

Run Build Command:"/usr/bin/make" "cmTC_a3556/fast"
/usr/bin/make -f CMakeFiles/cmTC_a3556.dir/build.make CMakeFiles/cmTC_a3556.dir/build
make[1]: Entering directory `/home/travis/build/Alkud/OTUS_HOMEWORK_13/CMakeFiles/CMakeTmp'
Building C object CMakeFiles/cmTC_a3556.dir/CheckFunctionExists.c.o
/usr/bin/gcc   -DCHECK_FUNCTION_EXISTS=pthread_create   -o CMakeFiles/cmTC_a3556.dir/CheckFunctionExists.c.o   -c /usr/local/cmake-3.9.2/share/cmake-3.9/Modules/CheckFunctionExists.c
Linking C executable cmTC_a3556
/usr/local/cmake-3.9.2/bin/cmake -E cmake_link_script CMakeFiles/cmTC_a3556.dir/link.txt --verbose=1
/usr/bin/gcc  -DCHECK_FUNCTION_EXISTS=pthread_create    -rdynamic CMakeFiles/cmTC_a3556.dir/CheckFunctionExists.c.o  -o cmTC_a3556 -lpthreads 
/usr/bin/x86_64-linux-gnu-ld: cannot find -lpthreads
collect2: error: ld returned 1 exit status
make[1]: *** [cmTC_a3556] Error 1
make[1]: Leaving directory `/home/travis/build/Alkud/OTUS_HOMEWORK_13/CMakeFiles/CMakeTmp'
make: *** [cmTC_a3556/fast] Error 2


